This file contains any messages produced by compilers while
running configure, to aid debugging if configure makes a mistake.

It was created by configure, which was
generated by GNU Autoconf 2.61.  Invocation command line was

  $ ./configure --prefix=/Users/hflambo/local/alfresco-svn/root-02-04-2012/gigfork-server/FFmpeg-build

## --------- ##
## Platform. ##
## --------- ##

hostname = hflambo-mac.anybet.de
uname -m = x86_64
uname -r = 11.3.0
uname -s = Darwin
uname -v = Darwin Kernel Version 11.3.0: Thu Jan 12 18:47:41 PST 2012; root:xnu-1699.24.23~1/RELEASE_X86_64

/usr/bin/uname -p = i386
/bin/uname -X     = unknown

/bin/arch              = unknown
/usr/bin/arch -k       = unknown
/usr/convex/getsysinfo = unknown
/usr/bin/hostinfo      = Mach kernel version:
	 Darwin Kernel Version 11.3.0: Thu Jan 12 18:47:41 PST 2012; root:xnu-1699.24.23~1/RELEASE_X86_64
Kernel configured for up to 4 processors.
2 processors are physically available.
4 processors are logically available.
Processor type: i486 (Intel 80486)
Processors active: 0 1 2 3
Primary memory available: 8.00 gigabytes
Default processor set: 128 tasks, 720 threads, 4 processors
Load average: 1.35, Mach factor: 2.63
/bin/machine           = unknown
/usr/bin/oslevel       = unknown
/bin/universe          = unknown

PATH: /usr/local/mysql-5.5.17-osx10.6-x86_64/bin
PATH: /Users/hflambo/local/ImageMagick-binary/bin
PATH: /Applications/Gimp.app/Contents/Resources/bin
PATH: /Users/hflambo/local/node-v0.6.5-binary/bin
PATH: /Users/hflambo/local/xuggler/bin
PATH: /Users/hflambo/Desktop/apache-maven-3.0.3/bin
PATH: .
PATH: /Library/Anybet/tools/mvn/bin
PATH: /usr/bin
PATH: /bin
PATH: /usr/sbin
PATH: /sbin
PATH: /usr/local/bin
PATH: /Library/Anybet/bin
PATH: /usr/local/git/bin
PATH: /Library/Anybet/tools/jad/bin
PATH: /Library/Anybet/tools/jmeter/bin
PATH: /Library/Anybet/tools/mas/jboss/bin
PATH: /Library/Anybet/tools/maven/bin
PATH: /Library/Anybet/tools/mq/bin
PATH: /Library/Anybet/tools/mvn/bin
PATH: /Library/Anybet/tools/selenium/bin
PATH: /Library/Anybet/tools/soapui/bin
PATH: /usr/X11/bin
PATH: /Users/hflambo/local/play-1.2.4
PATH: /Users/hflambo/local/gigfork-video-ffmpeg/ffmpeg-vda-gigfork/bin
PATH: /Users/hflambo/local/alfresco-svn/root-02-04-2012/gigfork-server/gcc-5666.3/build/dst/bin
PATH: /Users/hflambo/local/alfresco-svn/root-02-04-2012/gigfork-server/gcc-5666.3/build/dst/usr/bin


## ----------- ##
## Core tests. ##
## ----------- ##

configure:1975: checking for a BSD-compatible install
configure:2031: result: /usr/bin/install -c
configure:2042: checking whether build environment is sane
configure:2085: result: yes
configure:2150: checking for gawk
configure:2180: result: no
configure:2150: checking for mawk
configure:2180: result: no
configure:2150: checking for nawk
configure:2180: result: no
configure:2150: checking for awk
configure:2166: found /usr/bin/awk
configure:2177: result: awk
configure:2188: checking whether make sets $(MAKE)
configure:2209: result: yes
configure:2472: checking build system type
configure:2490: result: i386-apple-darwin11.3.0
configure:2512: checking host system type
configure:2527: result: i386-apple-darwin11.3.0
configure:2561: checking for style of include used by make
configure:2589: result: GNU
configure:2662: checking for gcc
configure:2689: result: gcc-4.2
configure:2927: checking for C compiler version
configure:2934: gcc-4.2 --version >&5
i686-apple-darwin11-gcc-4.2.1 (GCC) 4.2.1 (Apple Inc. build 5666) (dot 3)
Copyright (C) 2007 Free Software Foundation, Inc.
This is free software; see the source for copying conditions.  There is NO
warranty; not even for MERCHANTABILITY or FITNESS FOR A PARTICULAR PURPOSE.

configure:2937: $? = 0
configure:2944: gcc-4.2 -v >&5
Using built-in specs.
Target: i686-apple-darwin11
Configured with: /Users/hflambo/local/alfresco-svn/root-02-04-2012/gigfork-server/gcc-5666.3/build/obj/src/configure --disable-checking --enable-werror --prefix=/usr --mandir=/share/man --enable-languages=c,objc,c++,obj-c++ --program-transform-name=/^[cg][^.-]*$/s/$/-4.2/ --with-slibdir=/usr/lib --build=i686-apple-darwin11 --program-prefix=i686-apple-darwin11- --host=x86_64-apple-darwin11 --target=i686-apple-darwin11 --with-gxx-include-dir=/include/c++/4.2.1
Thread model: posix
gcc version 4.2.1 (Apple Inc. build 5666) (dot 3)
configure:2947: $? = 0
configure:2954: gcc-4.2 -V >&5
gcc-4.2: argument to `-V' is missing
configure:2957: $? = 1
configure:2980: checking for C compiler default output file name
configure:3007: gcc-4.2 -arch x86_64 -O3  -arch x86_64 -O3 conftest.c  >&5
configure:3010: $? = 0
configure:3048: result: a.out
configure:3065: checking whether the C compiler works
configure:3075: ./a.out
configure:3078: $? = 0
configure:3095: result: yes
configure:3102: checking whether we are cross compiling
configure:3104: result: no
configure:3107: checking for suffix of executables
configure:3114: gcc-4.2 -o conftest -arch x86_64 -O3  -arch x86_64 -O3 conftest.c  >&5
configure:3117: $? = 0
configure:3141: result: 
configure:3147: checking for suffix of object files
configure:3173: gcc-4.2 -c -arch x86_64 -O3  conftest.c >&5
configure:3176: $? = 0
configure:3199: result: o
configure:3203: checking whether we are using the GNU C compiler
configure:3232: gcc-4.2 -c -arch x86_64 -O3  conftest.c >&5
configure:3238: $? = 0
configure:3255: result: yes
configure:3260: checking whether gcc-4.2 accepts -g
configure:3290: gcc-4.2 -c -g  conftest.c >&5
configure:3296: $? = 0
configure:3395: result: yes
configure:3412: checking for gcc-4.2 option to accept ISO C89
configure:3486: gcc-4.2  -c -arch x86_64 -O3  conftest.c >&5
configure:3492: $? = 0
configure:3515: result: none needed
configure:3535: checking dependency style of gcc-4.2
configure:3625: result: gcc3
configure:3642: checking for a sed that does not truncate output
configure:3696: result: /usr/bin/sed
configure:3699: checking for grep that handles long lines and -e
configure:3773: result: /usr/bin/grep
configure:3778: checking for egrep
configure:3856: result: /usr/bin/grep -E
configure:3872: checking for ld used by gcc-4.2
configure:3939: result: /usr/bin/ld
configure:3948: checking if the linker (/usr/bin/ld) is GNU ld
configure:3963: result: no
configure:3968: checking for /usr/bin/ld option to reload object files
configure:3975: result: -r
configure:3993: checking for BSD-compatible nm
configure:4042: result: /usr/bin/nm
configure:4046: checking whether ln -s works
configure:4050: result: yes
configure:4057: checking how to recognise dependent libraries
configure:4233: result: pass_all
configure:4467: checking how to run the C preprocessor
configure:4507: gcc-4.2 -E  conftest.c
configure:4513: $? = 0
configure:4544: gcc-4.2 -E  conftest.c
conftest.c:10:28: error: ac_nonexistent.h: No such file or directory
configure:4550: $? = 1
configure: failed program was:
| /* confdefs.h.  */
| #define PACKAGE_NAME ""
| #define PACKAGE_TARNAME ""
| #define PACKAGE_VERSION ""
| #define PACKAGE_STRING ""
| #define PACKAGE_BUGREPORT ""
| #define PACKAGE "faad2"
| #define VERSION "2.7.0"
| /* end confdefs.h.  */
| #include <ac_nonexistent.h>
configure:4583: result: gcc-4.2 -E
configure:4612: gcc-4.2 -E  conftest.c
configure:4618: $? = 0
configure:4649: gcc-4.2 -E  conftest.c
conftest.c:10:28: error: ac_nonexistent.h: No such file or directory
configure:4655: $? = 1
configure: failed program was:
| /* confdefs.h.  */
| #define PACKAGE_NAME ""
| #define PACKAGE_TARNAME ""
| #define PACKAGE_VERSION ""
| #define PACKAGE_STRING ""
| #define PACKAGE_BUGREPORT ""
| #define PACKAGE "faad2"
| #define VERSION "2.7.0"
| /* end confdefs.h.  */
| #include <ac_nonexistent.h>
configure:4693: checking for ANSI C header files
configure:4723: gcc-4.2 -c -arch x86_64 -O3  conftest.c >&5
configure:4729: $? = 0
configure:4828: gcc-4.2 -o conftest -arch x86_64 -O3  -arch x86_64 -O3 conftest.c  >&5
configure:4831: $? = 0
configure:4837: ./conftest
configure:4840: $? = 0
configure:4857: result: yes
configure:4881: checking for sys/types.h
configure:4902: gcc-4.2 -c -arch x86_64 -O3  conftest.c >&5
configure:4908: $? = 0
configure:4924: result: yes
configure:4881: checking for sys/stat.h
configure:4902: gcc-4.2 -c -arch x86_64 -O3  conftest.c >&5
configure:4908: $? = 0
configure:4924: result: yes
configure:4881: checking for stdlib.h
configure:4902: gcc-4.2 -c -arch x86_64 -O3  conftest.c >&5
configure:4908: $? = 0
configure:4924: result: yes
configure:4881: checking for string.h
configure:4902: gcc-4.2 -c -arch x86_64 -O3  conftest.c >&5
configure:4908: $? = 0
configure:4924: result: yes
configure:4881: checking for memory.h
configure:4902: gcc-4.2 -c -arch x86_64 -O3  conftest.c >&5
configure:4908: $? = 0
configure:4924: result: yes
configure:4881: checking for strings.h
configure:4902: gcc-4.2 -c -arch x86_64 -O3  conftest.c >&5
configure:4908: $? = 0
configure:4924: result: yes
configure:4881: checking for inttypes.h
configure:4902: gcc-4.2 -c -arch x86_64 -O3  conftest.c >&5
configure:4908: $? = 0
configure:4924: result: yes
configure:4881: checking for stdint.h
configure:4902: gcc-4.2 -c -arch x86_64 -O3  conftest.c >&5
configure:4908: $? = 0
configure:4924: result: yes
configure:4881: checking for unistd.h
configure:4902: gcc-4.2 -c -arch x86_64 -O3  conftest.c >&5
configure:4908: $? = 0
configure:4924: result: yes
configure:4951: checking dlfcn.h usability
configure:4968: gcc-4.2 -c -arch x86_64 -O3  conftest.c >&5
configure:4974: $? = 0
configure:4988: result: yes
configure:4992: checking dlfcn.h presence
configure:5007: gcc-4.2 -E  conftest.c
configure:5013: $? = 0
configure:5027: result: yes
configure:5055: checking for dlfcn.h
configure:5063: result: yes
configure:5134: checking for g++
configure:5150: found /usr/bin/g++
configure:5161: result: g++
configure:5192: checking for C++ compiler version
configure:5199: g++ --version >&5
i686-apple-darwin11-llvm-g++-4.2 (GCC) 4.2.1 (Based on Apple Inc. build 5658) (LLVM build 2336.1.00)
Copyright (C) 2007 Free Software Foundation, Inc.
This is free software; see the source for copying conditions.  There is NO
warranty; not even for MERCHANTABILITY or FITNESS FOR A PARTICULAR PURPOSE.

configure:5202: $? = 0
configure:5209: g++ -v >&5
Using built-in specs.
Target: i686-apple-darwin11
Configured with: /private/var/tmp/llvmgcc42/llvmgcc42-2336.1~22/src/configure --disable-checking --enable-werror --prefix=/Developer/usr/llvm-gcc-4.2 --mandir=/share/man --enable-languages=c,objc,c++,obj-c++ --program-prefix=llvm- --program-transform-name=/^[cg][^.-]*$/s/$/-4.2/ --with-slibdir=/usr/lib --build=i686-apple-darwin11 --enable-llvm=/private/var/tmp/llvmgcc42/llvmgcc42-2336.1~22/dst-llvmCore/Developer/usr/local --program-prefix=i686-apple-darwin11- --host=x86_64-apple-darwin11 --target=i686-apple-darwin11 --with-gxx-include-dir=/usr/include/c++/4.2.1
Thread model: posix
gcc version 4.2.1 (Based on Apple Inc. build 5658) (LLVM build 2336.1.00)
configure:5212: $? = 0
configure:5219: g++ -V >&5
llvm-g++-4.2: argument to `-V' is missing
configure:5222: $? = 1
configure:5225: checking whether we are using the GNU C++ compiler
configure:5254: g++ -c   conftest.cpp >&5
configure:5260: $? = 0
configure:5277: result: yes
configure:5282: checking whether g++ accepts -g
configure:5312: g++ -c -g  conftest.cpp >&5
configure:5318: $? = 0
configure:5417: result: yes
configure:5442: checking dependency style of g++
configure:5532: result: gcc3
configure:5559: checking how to run the C++ preprocessor
configure:5595: g++ -E  conftest.cpp
configure:5601: $? = 0
configure:5632: g++ -E  conftest.cpp
conftest.cpp:21:28: error: ac_nonexistent.h: No such file or directory
configure:5638: $? = 1
configure: failed program was:
| /* confdefs.h.  */
| #define PACKAGE_NAME ""
| #define PACKAGE_TARNAME ""
| #define PACKAGE_VERSION ""
| #define PACKAGE_STRING ""
| #define PACKAGE_BUGREPORT ""
| #define PACKAGE "faad2"
| #define VERSION "2.7.0"
| #define STDC_HEADERS 1
| #define HAVE_SYS_TYPES_H 1
| #define HAVE_SYS_STAT_H 1
| #define HAVE_STDLIB_H 1
| #define HAVE_STRING_H 1
| #define HAVE_MEMORY_H 1
| #define HAVE_STRINGS_H 1
| #define HAVE_INTTYPES_H 1
| #define HAVE_STDINT_H 1
| #define HAVE_UNISTD_H 1
| #define HAVE_DLFCN_H 1
| /* end confdefs.h.  */
| #include <ac_nonexistent.h>
configure:5671: result: g++ -E
configure:5700: g++ -E  conftest.cpp
configure:5706: $? = 0
configure:5737: g++ -E  conftest.cpp
conftest.cpp:21:28: error: ac_nonexistent.h: No such file or directory
configure:5743: $? = 1
configure: failed program was:
| /* confdefs.h.  */
| #define PACKAGE_NAME ""
| #define PACKAGE_TARNAME ""
| #define PACKAGE_VERSION ""
| #define PACKAGE_STRING ""
| #define PACKAGE_BUGREPORT ""
| #define PACKAGE "faad2"
| #define VERSION "2.7.0"
| #define STDC_HEADERS 1
| #define HAVE_SYS_TYPES_H 1
| #define HAVE_SYS_STAT_H 1
| #define HAVE_STDLIB_H 1
| #define HAVE_STRING_H 1
| #define HAVE_MEMORY_H 1
| #define HAVE_STRINGS_H 1
| #define HAVE_INTTYPES_H 1
| #define HAVE_STDINT_H 1
| #define HAVE_UNISTD_H 1
| #define HAVE_DLFCN_H 1
| /* end confdefs.h.  */
| #include <ac_nonexistent.h>
configure:5836: checking for g77
configure:5866: result: no
configure:5836: checking for xlf
configure:5866: result: no
configure:5836: checking for f77
configure:5866: result: no
configure:5836: checking for frt
configure:5866: result: no
configure:5836: checking for pgf77
configure:5866: result: no
configure:5836: checking for cf77
configure:5866: result: no
configure:5836: checking for fort77
configure:5866: result: no
configure:5836: checking for fl32
configure:5866: result: no
configure:5836: checking for af77
configure:5866: result: no
configure:5836: checking for xlf90
configure:5866: result: no
configure:5836: checking for f90
configure:5866: result: no
configure:5836: checking for pgf90
configure:5866: result: no
configure:5836: checking for pghpf
configure:5866: result: no
configure:5836: checking for epcf90
configure:5866: result: no
configure:5836: checking for gfortran
configure:5866: result: no
configure:5836: checking for g95
configure:5866: result: no
configure:5836: checking for xlf95
configure:5866: result: no
configure:5836: checking for f95
configure:5866: result: no
configure:5836: checking for fort
configure:5866: result: no
configure:5836: checking for ifort
configure:5866: result: no
configure:5836: checking for ifc
configure:5866: result: no
configure:5836: checking for efc
configure:5866: result: no
configure:5836: checking for pgf95
configure:5866: result: no
configure:5836: checking for lf95
configure:5866: result: no
configure:5836: checking for ftn
configure:5866: result: no
configure:5893: checking for Fortran 77 compiler version
configure:5900:  --version >&5
./configure: line 5901: --version: command not found
configure:5903: $? = 127
configure:5910:  -v >&5
./configure: line 5911: -v: command not found
configure:5913: $? = 127
configure:5920:  -V >&5
./configure: line 5921: -V: command not found
configure:5923: $? = 127
configure:5931: checking whether we are using the GNU Fortran 77 compiler
configure:5950:  -c  conftest.F >&5
./configure: line 5951: -c: command not found
configure:5956: $? = 127
configure: failed program was:
|       program main
| #ifndef __GNUC__
|        choke me
| #endif
| 
|       end
configure:5973: result: no
configure:5979: checking whether  accepts -g
configure:5996:  -c -g conftest.f >&5
./configure: line 5997: -c: command not found
configure:6002: $? = 127
configure: failed program was:
|       program main
| 
|       end
configure:6018: result: no
configure:6048: checking the maximum length of command line arguments
configure:6157: result: 196608
configure:6168: checking command to parse /usr/bin/nm output from gcc-4.2 object
configure:6273: gcc-4.2 -c -arch x86_64 -O3  conftest.c >&5
configure:6276: $? = 0
configure:6280: /usr/bin/nm conftest.o \| sed -n -e 's/^.*[ 	]\([BCDEGRST][BCDEGRST]*\)[ 	][ 	]*\([_A-Za-z][_A-Za-z0-9]*\)$/\1 \2 \2/p' \> conftest.nm
configure:6283: $? = 0
cannot find nm_test_var in conftest.nm
configure:6273: gcc-4.2 -c -arch x86_64 -O3  conftest.c >&5
configure:6276: $? = 0
configure:6280: /usr/bin/nm conftest.o \| sed -n -e 's/^.*[ 	]\([BCDEGRST][BCDEGRST]*\)[ 	][ 	]*_\([_A-Za-z][_A-Za-z0-9]*\)$/\1 _\2 \2/p' \> conftest.nm
configure:6283: $? = 0
configure:6335: gcc-4.2 -o conftest -arch x86_64 -O3  -arch x86_64 -O3 conftest.c conftstm.o >&5
configure:6338: $? = 0
configure:6376: result: ok
configure:6380: checking for objdir
configure:6395: result: .libs
configure:6487: checking for ar
configure:6503: found /usr/bin/ar
configure:6514: result: ar
configure:6583: checking for ranlib
configure:6599: found /usr/bin/ranlib
configure:6610: result: ranlib
configure:6679: checking for strip
configure:6695: found /usr/bin/strip
configure:6706: result: strip
configure:6992: checking if gcc-4.2 supports -fno-rtti -fno-exceptions
configure:7010: gcc-4.2 -c -arch x86_64 -O3  -fno-rtti -fno-exceptions conftest.c >&5
cc1: warning: command line option "-fno-rtti" is valid for C++/ObjC++ but not for C
configure:7014: $? = 0
configure:7027: result: no
configure:7042: checking for gcc-4.2 option to produce PIC
configure:7252: result: -fno-common
configure:7260: checking if gcc-4.2 PIC flag -fno-common works
configure:7278: gcc-4.2 -c -arch x86_64 -O3  -fno-common -DPIC conftest.c >&5
configure:7282: $? = 0
configure:7295: result: yes
configure:7323: checking if gcc-4.2 static flag -static works
configure:7351: result: no
configure:7361: checking if gcc-4.2 supports -c -o file.o
configure:7382: gcc-4.2 -c -arch x86_64 -O3  -o out/conftest2.o conftest.c >&5
configure:7386: $? = 0
configure:7408: result: yes
configure:7434: checking whether the gcc-4.2 linker (/usr/bin/ld) supports shared libraries
configure:8389: result: yes
configure:8456: checking dynamic linker characteristics
configure:9032: result: darwin11.3.0 dyld
configure:9041: checking how to hardcode library paths into programs
configure:9066: result: immediate
configure:9080: checking whether stripping libraries is possible
configure:9093: result: yes
configure:9886: checking if libtool supports shared libraries
configure:9888: result: yes
configure:9891: checking whether to build shared libraries
configure:9912: result: yes
configure:9915: checking whether to build static libraries
configure:9919: result: yes
configure:10011: creating libtool
configure:10599: checking for ld used by g++
configure:10666: result: /usr/bin/ld
configure:10675: checking if the linker (/usr/bin/ld) is GNU ld
configure:10690: result: no
configure:10741: checking whether the g++ linker (/usr/bin/ld) supports shared libraries
configure:11675: result: yes
configure:11693: g++ -c -g -O2  conftest.cpp >&5
configure:11696: $? = 0
configure:11815: checking for g++ option to produce PIC
configure:12089: result: -fno-common
configure:12097: checking if g++ PIC flag -fno-common works
configure:12115: g++ -c -g -O2  -fno-common -DPIC conftest.cpp >&5
configure:12119: $? = 0
configure:12132: result: yes
configure:12160: checking if g++ static flag -static works
configure:12188: result: no
configure:12198: checking if g++ supports -c -o file.o
configure:12219: g++ -c -g -O2  -o out/conftest2.o conftest.cpp >&5
configure:12223: $? = 0
configure:12245: result: yes
configure:12271: checking whether the g++ linker (/usr/bin/ld) supports shared libraries
configure:12299: result: yes
configure:12366: checking dynamic linker characteristics
configure:12942: result: darwin11.3.0 dyld
configure:12951: checking how to hardcode library paths into programs
configure:12976: result: immediate
configure:19144: checking for gcc
configure:19171: result: gcc-4.2
configure:19409: checking for C compiler version
configure:19416: gcc-4.2 --version >&5
i686-apple-darwin11-gcc-4.2.1 (GCC) 4.2.1 (Apple Inc. build 5666) (dot 3)
Copyright (C) 2007 Free Software Foundation, Inc.
This is free software; see the source for copying conditions.  There is NO
warranty; not even for MERCHANTABILITY or FITNESS FOR A PARTICULAR PURPOSE.

configure:19419: $? = 0
configure:19426: gcc-4.2 -v >&5
Using built-in specs.
Target: i686-apple-darwin11
Configured with: /Users/hflambo/local/alfresco-svn/root-02-04-2012/gigfork-server/gcc-5666.3/build/obj/src/configure --disable-checking --enable-werror --prefix=/usr --mandir=/share/man --enable-languages=c,objc,c++,obj-c++ --program-transform-name=/^[cg][^.-]*$/s/$/-4.2/ --with-slibdir=/usr/lib --build=i686-apple-darwin11 --program-prefix=i686-apple-darwin11- --host=x86_64-apple-darwin11 --target=i686-apple-darwin11 --with-gxx-include-dir=/include/c++/4.2.1
Thread model: posix
gcc version 4.2.1 (Apple Inc. build 5666) (dot 3)
configure:19429: $? = 0
configure:19436: gcc-4.2 -V >&5
gcc-4.2: argument to `-V' is missing
configure:19439: $? = 1
configure:19442: checking whether we are using the GNU C compiler
configure:19494: result: yes
configure:19499: checking whether gcc-4.2 accepts -g
configure:19634: result: yes
configure:19651: checking for gcc-4.2 option to accept ISO C89
configure:19754: result: none needed
configure:19774: checking dependency style of gcc-4.2
configure:19864: result: gcc3
configure:19882: checking whether gcc-4.2 and cc understand -c and -o together
configure:19917: gcc-4.2 -c conftest.c -o conftest2.o >&5
configure:19920: $? = 0
configure:19926: gcc-4.2 -c conftest.c -o conftest2.o >&5
configure:19929: $? = 0
configure:19940: cc -c conftest.c >&5
configure:19943: $? = 0
configure:19951: cc -c conftest.c -o conftest2.o >&5
configure:19954: $? = 0
configure:19960: cc -c conftest.c -o conftest2.o >&5
configure:19963: $? = 0
configure:19981: result: yes
configure:20011: checking how to run the C preprocessor
configure:20127: result: gcc-4.2 -E
configure:20156: gcc-4.2 -E  conftest.c
configure:20162: $? = 0
configure:20193: gcc-4.2 -E  conftest.c
conftest.c:21:28: error: ac_nonexistent.h: No such file or directory
configure:20199: $? = 1
configure: failed program was:
| /* confdefs.h.  */
| #define PACKAGE_NAME ""
| #define PACKAGE_TARNAME ""
| #define PACKAGE_VERSION ""
| #define PACKAGE_STRING ""
| #define PACKAGE_BUGREPORT ""
| #define PACKAGE "faad2"
| #define VERSION "2.7.0"
| #define STDC_HEADERS 1
| #define HAVE_SYS_TYPES_H 1
| #define HAVE_SYS_STAT_H 1
| #define HAVE_STDLIB_H 1
| #define HAVE_STRING_H 1
| #define HAVE_MEMORY_H 1
| #define HAVE_STRINGS_H 1
| #define HAVE_INTTYPES_H 1
| #define HAVE_STDINT_H 1
| #define HAVE_UNISTD_H 1
| #define HAVE_DLFCN_H 1
| /* end confdefs.h.  */
| #include <ac_nonexistent.h>
configure:20352: checking for C++ compiler version
configure:20359: g++ --version >&5
i686-apple-darwin11-llvm-g++-4.2 (GCC) 4.2.1 (Based on Apple Inc. build 5658) (LLVM build 2336.1.00)
Copyright (C) 2007 Free Software Foundation, Inc.
This is free software; see the source for copying conditions.  There is NO
warranty; not even for MERCHANTABILITY or FITNESS FOR A PARTICULAR PURPOSE.

configure:20362: $? = 0
configure:20369: g++ -v >&5
Using built-in specs.
Target: i686-apple-darwin11
Configured with: /private/var/tmp/llvmgcc42/llvmgcc42-2336.1~22/src/configure --disable-checking --enable-werror --prefix=/Developer/usr/llvm-gcc-4.2 --mandir=/share/man --enable-languages=c,objc,c++,obj-c++ --program-prefix=llvm- --program-transform-name=/^[cg][^.-]*$/s/$/-4.2/ --with-slibdir=/usr/lib --build=i686-apple-darwin11 --enable-llvm=/private/var/tmp/llvmgcc42/llvmgcc42-2336.1~22/dst-llvmCore/Developer/usr/local --program-prefix=i686-apple-darwin11- --host=x86_64-apple-darwin11 --target=i686-apple-darwin11 --with-gxx-include-dir=/usr/include/c++/4.2.1
Thread model: posix
gcc version 4.2.1 (Based on Apple Inc. build 5658) (LLVM build 2336.1.00)
configure:20372: $? = 0
configure:20379: g++ -V >&5
llvm-g++-4.2: argument to `-V' is missing
configure:20382: $? = 1
configure:20385: checking whether we are using the GNU C++ compiler
configure:20437: result: yes
configure:20442: checking whether g++ accepts -g
configure:20577: result: yes
configure:20602: checking dependency style of g++
configure:20692: result: gcc3
configure:20722: checking for a BSD-compatible install
configure:20778: result: /usr/bin/install -c
configure:20789: checking whether ln -s works
configure:20793: result: yes
configure:20800: checking whether make sets $(MAKE)
configure:20821: result: yes
configure:20834: checking for rpmbuild
configure:20864: result: no
configure:20904: checking for ANSI C header files
configure:21068: result: yes
configure:21084: checking for stdint.h
configure:21090: result: yes
configure:21084: checking for inttypes.h
configure:21090: result: yes
configure:21234: checking mathf.h usability
configure:21251: gcc-4.2 -c -arch x86_64 -O3  conftest.c >&5
conftest.c:57:19: error: mathf.h: No such file or directory
configure:21257: $? = 1
configure: failed program was:
| /* confdefs.h.  */
| #define PACKAGE_NAME ""
| #define PACKAGE_TARNAME ""
| #define PACKAGE_VERSION ""
| #define PACKAGE_STRING ""
| #define PACKAGE_BUGREPORT ""
| #define PACKAGE "faad2"
| #define VERSION "2.7.0"
| #define STDC_HEADERS 1
| #define HAVE_SYS_TYPES_H 1
| #define HAVE_SYS_STAT_H 1
| #define HAVE_STDLIB_H 1
| #define HAVE_STRING_H 1
| #define HAVE_MEMORY_H 1
| #define HAVE_STRINGS_H 1
| #define HAVE_INTTYPES_H 1
| #define HAVE_STDINT_H 1
| #define HAVE_UNISTD_H 1
| #define HAVE_DLFCN_H 1
| #define STDC_HEADERS 1
| #define HAVE_STDINT_H 1
| #define HAVE_INTTYPES_H 1
| /* end confdefs.h.  */
| #include <stdio.h>
| #ifdef HAVE_SYS_TYPES_H
| # include <sys/types.h>
| #endif
| #ifdef HAVE_SYS_STAT_H
| # include <sys/stat.h>
| #endif
| #ifdef STDC_HEADERS
| # include <stdlib.h>
| # include <stddef.h>
| #else
| # ifdef HAVE_STDLIB_H
| #  include <stdlib.h>
| # endif
| #endif
| #ifdef HAVE_STRING_H
| # if !defined STDC_HEADERS && defined HAVE_MEMORY_H
| #  include <memory.h>
| # endif
| # include <string.h>
| #endif
| #ifdef HAVE_STRINGS_H
| # include <strings.h>
| #endif
| #ifdef HAVE_INTTYPES_H
| # include <inttypes.h>
| #endif
| #ifdef HAVE_STDINT_H
| # include <stdint.h>
| #endif
| #ifdef HAVE_UNISTD_H
| # include <unistd.h>
| #endif
| #include <mathf.h>
configure:21271: result: no
configure:21275: checking mathf.h presence
configure:21290: gcc-4.2 -E  conftest.c
conftest.c:24:19: error: mathf.h: No such file or directory
configure:21296: $? = 1
configure: failed program was:
| /* confdefs.h.  */
| #define PACKAGE_NAME ""
| #define PACKAGE_TARNAME ""
| #define PACKAGE_VERSION ""
| #define PACKAGE_STRING ""
| #define PACKAGE_BUGREPORT ""
| #define PACKAGE "faad2"
| #define VERSION "2.7.0"
| #define STDC_HEADERS 1
| #define HAVE_SYS_TYPES_H 1
| #define HAVE_SYS_STAT_H 1
| #define HAVE_STDLIB_H 1
| #define HAVE_STRING_H 1
| #define HAVE_MEMORY_H 1
| #define HAVE_STRINGS_H 1
| #define HAVE_INTTYPES_H 1
| #define HAVE_STDINT_H 1
| #define HAVE_UNISTD_H 1
| #define HAVE_DLFCN_H 1
| #define STDC_HEADERS 1
| #define HAVE_STDINT_H 1
| #define HAVE_INTTYPES_H 1
| /* end confdefs.h.  */
| #include <mathf.h>
configure:21310: result: no
configure:21338: checking for mathf.h
configure:21346: result: no
configure:21374: checking float.h usability
configure:21391: gcc-4.2 -c -arch x86_64 -O3  conftest.c >&5
configure:21397: $? = 0
configure:21411: result: yes
configure:21415: checking float.h presence
configure:21430: gcc-4.2 -E  conftest.c
configure:21436: $? = 0
configure:21450: result: yes
configure:21478: checking for float.h
configure:21486: result: yes
configure:21504: checking for strchr
configure:21560: gcc-4.2 -o conftest -arch x86_64 -O3  -arch x86_64 -O3 conftest.c  >&5
conftest.c:48: warning: conflicting types for built-in function 'strchr'
configure:21566: $? = 0
configure:21584: result: yes
configure:21504: checking for memcpy
configure:21560: gcc-4.2 -o conftest -arch x86_64 -O3  -arch x86_64 -O3 conftest.c  >&5
conftest.c:49: warning: conflicting types for built-in function 'memcpy'
configure:21566: $? = 0
configure:21584: result: yes
configure:21609: checking sys/time.h usability
configure:21626: gcc-4.2 -c -arch x86_64 -O3  conftest.c >&5
configure:21632: $? = 0
configure:21646: result: yes
configure:21650: checking sys/time.h presence
configure:21665: gcc-4.2 -E  conftest.c
configure:21671: $? = 0
configure:21685: result: yes
configure:21713: checking for sys/time.h
configure:21721: result: yes
configure:21734: checking whether time.h and sys/time.h may both be included
configure:21764: gcc-4.2 -c -arch x86_64 -O3  conftest.c >&5
configure:21770: $? = 0
configure:21785: result: yes
configure:21814: checking errno.h usability
configure:21831: gcc-4.2 -c -arch x86_64 -O3  conftest.c >&5
configure:21837: $? = 0
configure:21851: result: yes
configure:21855: checking errno.h presence
configure:21870: gcc-4.2 -E  conftest.c
configure:21876: $? = 0
configure:21890: result: yes
configure:21918: checking for errno.h
configure:21926: result: yes
configure:21804: checking for sys/stat.h
configure:21810: result: yes
configure:21804: checking for sys/types.h
configure:21810: result: yes
configure:21814: checking limits.h usability
configure:21831: gcc-4.2 -c -arch x86_64 -O3  conftest.c >&5
configure:21837: $? = 0
configure:21851: result: yes
configure:21855: checking limits.h presence
configure:21870: gcc-4.2 -E  conftest.c
configure:21876: $? = 0
configure:21890: result: yes
configure:21918: checking for limits.h
configure:21926: result: yes
configure:21954: checking sysfs/libsysfs.h usability
configure:21971: gcc-4.2 -c -arch x86_64 -O3  conftest.c >&5
conftest.c:66:28: error: sysfs/libsysfs.h: No such file or directory
configure:21977: $? = 1
configure: failed program was:
| /* confdefs.h.  */
| #define PACKAGE_NAME ""
| #define PACKAGE_TARNAME ""
| #define PACKAGE_VERSION ""
| #define PACKAGE_STRING ""
| #define PACKAGE_BUGREPORT ""
| #define PACKAGE "faad2"
| #define VERSION "2.7.0"
| #define STDC_HEADERS 1
| #define HAVE_SYS_TYPES_H 1
| #define HAVE_SYS_STAT_H 1
| #define HAVE_STDLIB_H 1
| #define HAVE_STRING_H 1
| #define HAVE_MEMORY_H 1
| #define HAVE_STRINGS_H 1
| #define HAVE_INTTYPES_H 1
| #define HAVE_STDINT_H 1
| #define HAVE_UNISTD_H 1
| #define HAVE_DLFCN_H 1
| #define STDC_HEADERS 1
| #define HAVE_STDINT_H 1
| #define HAVE_INTTYPES_H 1
| #define HAVE_FLOAT_H 1
| #define HAVE_STRCHR 1
| #define HAVE_MEMCPY 1
| #define HAVE_SYS_TIME_H 1
| #define TIME_WITH_SYS_TIME 1
| #define HAVE_ERRNO_H 1
| #define HAVE_SYS_STAT_H 1
| #define HAVE_SYS_TYPES_H 1
| #define HAVE_LIMITS_H 1
| /* end confdefs.h.  */
| #include <stdio.h>
| #ifdef HAVE_SYS_TYPES_H
| # include <sys/types.h>
| #endif
| #ifdef HAVE_SYS_STAT_H
| # include <sys/stat.h>
| #endif
| #ifdef STDC_HEADERS
| # include <stdlib.h>
| # include <stddef.h>
| #else
| # ifdef HAVE_STDLIB_H
| #  include <stdlib.h>
| # endif
| #endif
| #ifdef HAVE_STRING_H
| # if !defined STDC_HEADERS && defined HAVE_MEMORY_H
| #  include <memory.h>
| # endif
| # include <string.h>
| #endif
| #ifdef HAVE_STRINGS_H
| # include <strings.h>
| #endif
| #ifdef HAVE_INTTYPES_H
| # include <inttypes.h>
| #endif
| #ifdef HAVE_STDINT_H
| # include <stdint.h>
| #endif
| #ifdef HAVE_UNISTD_H
| # include <unistd.h>
| #endif
| #include <sysfs/libsysfs.h>
configure:21991: result: no
configure:21995: checking sysfs/libsysfs.h presence
configure:22010: gcc-4.2 -E  conftest.c
conftest.c:33:28: error: sysfs/libsysfs.h: No such file or directory
configure:22016: $? = 1
configure: failed program was:
| /* confdefs.h.  */
| #define PACKAGE_NAME ""
| #define PACKAGE_TARNAME ""
| #define PACKAGE_VERSION ""
| #define PACKAGE_STRING ""
| #define PACKAGE_BUGREPORT ""
| #define PACKAGE "faad2"
| #define VERSION "2.7.0"
| #define STDC_HEADERS 1
| #define HAVE_SYS_TYPES_H 1
| #define HAVE_SYS_STAT_H 1
| #define HAVE_STDLIB_H 1
| #define HAVE_STRING_H 1
| #define HAVE_MEMORY_H 1
| #define HAVE_STRINGS_H 1
| #define HAVE_INTTYPES_H 1
| #define HAVE_STDINT_H 1
| #define HAVE_UNISTD_H 1
| #define HAVE_DLFCN_H 1
| #define STDC_HEADERS 1
| #define HAVE_STDINT_H 1
| #define HAVE_INTTYPES_H 1
| #define HAVE_FLOAT_H 1
| #define HAVE_STRCHR 1
| #define HAVE_MEMCPY 1
| #define HAVE_SYS_TIME_H 1
| #define TIME_WITH_SYS_TIME 1
| #define HAVE_ERRNO_H 1
| #define HAVE_SYS_STAT_H 1
| #define HAVE_SYS_TYPES_H 1
| #define HAVE_LIMITS_H 1
| /* end confdefs.h.  */
| #include <sysfs/libsysfs.h>
configure:22030: result: no
configure:22058: checking for sysfs/libsysfs.h
configure:22066: result: no
configure:22094: checking IOKit/IOKitLib.h usability
configure:22111: gcc-4.2 -c -arch x86_64 -O3  conftest.c >&5
configure:22117: $? = 0
configure:22131: result: yes
configure:22135: checking IOKit/IOKitLib.h presence
configure:22150: gcc-4.2 -E  conftest.c
configure:22156: $? = 0
configure:22170: result: yes
configure:22198: checking for IOKit/IOKitLib.h
configure:22206: result: yes
configure:22214: checking for main in -lIOKit
configure:22243: gcc-4.2 -o conftest -arch x86_64 -O3  -arch x86_64 -O3 conftest.c -lIOKit   >&5
configure:22249: $? = 0
configure:22267: result: yes
configure:22287: checking for getpwuid
configure:22343: gcc-4.2 -o conftest -arch x86_64 -O3  -arch x86_64 -O3 conftest.c  >&5
configure:22349: $? = 0
configure:22367: result: yes
configure:22378: checking for inline
configure:22404: gcc-4.2 -c -arch x86_64 -O3  conftest.c >&5
configure:22410: $? = 0
configure:22428: result: inline
configure:22447: checking whether byte ordering is bigendian
configure:22480: gcc-4.2 -c -arch x86_64 -O3  conftest.c >&5
configure:22486: $? = 0
configure:22518: gcc-4.2 -c -arch x86_64 -O3  conftest.c >&5
conftest.c: In function 'main':
conftest.c:43: error: 'not' undeclared (first use in this function)
conftest.c:43: error: (Each undeclared identifier is reported only once
conftest.c:43: error: for each function it appears in.)
conftest.c:43: error: expected ';' before 'big'
configure:22524: $? = 1
configure: failed program was:
| /* confdefs.h.  */
| #define PACKAGE_NAME ""
| #define PACKAGE_TARNAME ""
| #define PACKAGE_VERSION ""
| #define PACKAGE_STRING ""
| #define PACKAGE_BUGREPORT ""
| #define PACKAGE "faad2"
| #define VERSION "2.7.0"
| #define STDC_HEADERS 1
| #define HAVE_SYS_TYPES_H 1
| #define HAVE_SYS_STAT_H 1
| #define HAVE_STDLIB_H 1
| #define HAVE_STRING_H 1
| #define HAVE_MEMORY_H 1
| #define HAVE_STRINGS_H 1
| #define HAVE_INTTYPES_H 1
| #define HAVE_STDINT_H 1
| #define HAVE_UNISTD_H 1
| #define HAVE_DLFCN_H 1
| #define STDC_HEADERS 1
| #define HAVE_STDINT_H 1
| #define HAVE_INTTYPES_H 1
| #define HAVE_FLOAT_H 1
| #define HAVE_STRCHR 1
| #define HAVE_MEMCPY 1
| #define HAVE_SYS_TIME_H 1
| #define TIME_WITH_SYS_TIME 1
| #define HAVE_ERRNO_H 1
| #define HAVE_SYS_STAT_H 1
| #define HAVE_SYS_TYPES_H 1
| #define HAVE_LIMITS_H 1
| #define HAVE_IOKIT_IOKITLIB_H 1
| #define HAVE_IOKIT_IOKITLIB_H 1
| #define HAVE_GETPWUID 1
| /* end confdefs.h.  */
| #include <sys/types.h>
| #include <sys/param.h>
| 
| int
| main ()
| {
| #if BYTE_ORDER != BIG_ENDIAN
|  not big endian
| #endif
| 
|   ;
|   return 0;
| }
configure:22664: result: no
configure:22684: checking for off_t
configure:22714: gcc-4.2 -c -arch x86_64 -O3  conftest.c >&5
configure:22720: $? = 0
configure:22735: result: yes
configure:22751: checking for lrintf
configure:22787: gcc-4.2 -o conftest -O -lm  -arch x86_64 -O3 conftest.c  >&5
configure:22793: $? = 0
configure:22814: result: yes
configure:22827: checking for float32_t temp
configure:22851: gcc-4.2 -c -arch x86_64 -O3  conftest.c >&5
conftest.c:38:31: error: sys/float.h: No such file or directory
conftest.c: In function 'main':
conftest.c:42: error: 'float32_t' undeclared (first use in this function)
conftest.c:42: error: (Each undeclared identifier is reported only once
conftest.c:42: error: for each function it appears in.)
conftest.c:42: error: expected ';' before 'temp'
configure:22857: $? = 1
configure: failed program was:
| /* confdefs.h.  */
| #define PACKAGE_NAME ""
| #define PACKAGE_TARNAME ""
| #define PACKAGE_VERSION ""
| #define PACKAGE_STRING ""
| #define PACKAGE_BUGREPORT ""
| #define PACKAGE "faad2"
| #define VERSION "2.7.0"
| #define STDC_HEADERS 1
| #define HAVE_SYS_TYPES_H 1
| #define HAVE_SYS_STAT_H 1
| #define HAVE_STDLIB_H 1
| #define HAVE_STRING_H 1
| #define HAVE_MEMORY_H 1
| #define HAVE_STRINGS_H 1
| #define HAVE_INTTYPES_H 1
| #define HAVE_STDINT_H 1
| #define HAVE_UNISTD_H 1
| #define HAVE_DLFCN_H 1
| #define STDC_HEADERS 1
| #define HAVE_STDINT_H 1
| #define HAVE_INTTYPES_H 1
| #define HAVE_FLOAT_H 1
| #define HAVE_STRCHR 1
| #define HAVE_MEMCPY 1
| #define HAVE_SYS_TIME_H 1
| #define TIME_WITH_SYS_TIME 1
| #define HAVE_ERRNO_H 1
| #define HAVE_SYS_STAT_H 1
| #define HAVE_SYS_TYPES_H 1
| #define HAVE_LIMITS_H 1
| #define HAVE_IOKIT_IOKITLIB_H 1
| #define HAVE_IOKIT_IOKITLIB_H 1
| #define HAVE_GETPWUID 1
| #define HAVE_LRINTF 1
| /* end confdefs.h.  */
| #include <sys/types.h>,
|         #include <sys/float.h>
| int
| main ()
| {
| float32_t temp;
|   ;
|   return 0;
| }
configure:22880: result: no
configure:22889: checking for strsep
configure:22945: gcc-4.2 -o conftest -arch x86_64 -O3  -arch x86_64 -O3 conftest.c  >&5
configure:22951: $? = 0
configure:22969: result: yes
configure:22982: checking for mpeg4ip-config
configure:23010: result: no
configure:23425: no xmms build configured
configure:23636: creating ./config.status

## ---------------------- ##
## Running config.status. ##
## ---------------------- ##

This file was extended by config.status, which was
generated by GNU Autoconf 2.61.  Invocation command line was

  CONFIG_FILES    = 
  CONFIG_HEADERS  = 
  CONFIG_LINKS    = 
  CONFIG_COMMANDS = 
  $ ./config.status 

on hflambo-mac.anybet.de

config.status:678: creating libfaad/Makefile
config.status:678: creating common/Makefile
config.status:678: creating common/mp4ff/Makefile
config.status:678: creating plugins/Makefile
config.status:678: creating plugins/xmms/Makefile
config.status:678: creating plugins/xmms/src/Makefile
config.status:678: creating plugins/mpeg4ip/Makefile
config.status:678: creating faad2.spec
config.status:678: creating frontend/Makefile
config.status:678: creating Makefile
config.status:678: creating config.h
config.status:915: config.h is unchanged
config.status:961: executing depfiles commands

## ---------------- ##
## Cache variables. ##
## ---------------- ##

ac_cv_build=i386-apple-darwin11.3.0
ac_cv_c99_lrintf=yes
ac_cv_c_bigendian=no
ac_cv_c_compiler_gnu=yes
ac_cv_c_inline=inline
ac_cv_cxx_compiler_gnu=yes
ac_cv_env_CCC_set=
ac_cv_env_CCC_value=
ac_cv_env_CC_set=set
ac_cv_env_CC_value=gcc-4.2
ac_cv_env_CFLAGS_set=set
ac_cv_env_CFLAGS_value='-arch x86_64 -O3'
ac_cv_env_CPPFLAGS_set=
ac_cv_env_CPPFLAGS_value=
ac_cv_env_CPP_set=
ac_cv_env_CPP_value=
ac_cv_env_CXXCPP_set=
ac_cv_env_CXXCPP_value=
ac_cv_env_CXXFLAGS_set=
ac_cv_env_CXXFLAGS_value=
ac_cv_env_CXX_set=set
ac_cv_env_CXX_value=
ac_cv_env_F77_set=
ac_cv_env_F77_value=
ac_cv_env_FFLAGS_set=
ac_cv_env_FFLAGS_value=
ac_cv_env_LDFLAGS_set=set
ac_cv_env_LDFLAGS_value='-arch x86_64 -O3'
ac_cv_env_LIBS_set=
ac_cv_env_LIBS_value=
ac_cv_env_build_alias_set=
ac_cv_env_build_alias_value=
ac_cv_env_host_alias_set=
ac_cv_env_host_alias_value=
ac_cv_env_target_alias_set=
ac_cv_env_target_alias_value=
ac_cv_f77_compiler_gnu=no
ac_cv_func_getpwuid=yes
ac_cv_func_memcpy=yes
ac_cv_func_strchr=yes
ac_cv_func_strsep=yes
ac_cv_header_IOKit_IOKitLib_h=yes
ac_cv_header_dlfcn_h=yes
ac_cv_header_errno_h=yes
ac_cv_header_float_h=yes
ac_cv_header_inttypes_h=yes
ac_cv_header_limits_h=yes
ac_cv_header_mathf_h=no
ac_cv_header_memory_h=yes
ac_cv_header_stdc=yes
ac_cv_header_stdint_h=yes
ac_cv_header_stdlib_h=yes
ac_cv_header_string_h=yes
ac_cv_header_strings_h=yes
ac_cv_header_sys_stat_h=yes
ac_cv_header_sys_time_h=yes
ac_cv_header_sys_types_h=yes
ac_cv_header_sysfs_libsysfs_h=no
ac_cv_header_time=yes
ac_cv_header_unistd_h=yes
ac_cv_host=i386-apple-darwin11.3.0
ac_cv_lib_IOKit_main=yes
ac_cv_objext=o
ac_cv_path_EGREP='/usr/bin/grep -E'
ac_cv_path_GREP=/usr/bin/grep
ac_cv_path_install='/usr/bin/install -c'
ac_cv_prog_AWK=awk
ac_cv_prog_CPP='gcc-4.2 -E'
ac_cv_prog_CXXCPP='g++ -E'
ac_cv_prog_ac_ct_AR=ar
ac_cv_prog_ac_ct_CC=gcc-4.2
ac_cv_prog_ac_ct_CXX=g++
ac_cv_prog_ac_ct_RANLIB=ranlib
ac_cv_prog_ac_ct_STRIP=strip
ac_cv_prog_cc_c89=
ac_cv_prog_cc_g=yes
ac_cv_prog_cc_gcc_4_2_c_o=yes
ac_cv_prog_cxx_g=yes
ac_cv_prog_external_mp4v2=no
ac_cv_prog_f77_g=no
ac_cv_prog_make_make_set=yes
ac_cv_type_off_t=yes
am_cv_CC_dependencies_compiler_type=gcc3
am_cv_CXX_dependencies_compiler_type=gcc3
lt_cv_deplibs_check_method=pass_all
lt_cv_file_magic_cmd='$MAGIC_CMD'
lt_cv_file_magic_test_file=
lt_cv_ld_reload_flag=-r
lt_cv_objdir=.libs
lt_cv_path_LD=/usr/bin/ld
lt_cv_path_LDCXX=/usr/bin/ld
lt_cv_path_NM=/usr/bin/nm
lt_cv_path_SED=/usr/bin/sed
lt_cv_prog_compiler_c_o=yes
lt_cv_prog_compiler_c_o_CXX=yes
lt_cv_prog_compiler_rtti_exceptions=no
lt_cv_prog_gnu_ld=no
lt_cv_prog_gnu_ldcxx=no
lt_cv_sys_global_symbol_pipe='sed -n -e '\''s/^.*[ 	]\([BCDEGRST][BCDEGRST]*\)[ 	][ 	]*_\([_A-Za-z][_A-Za-z0-9]*\)$/\1 _\2 \2/p'\'''
lt_cv_sys_global_symbol_to_c_name_address='sed -n -e '\''s/^: \([^ ]*\) $/  {\"\1\", (lt_ptr) 0},/p'\'' -e '\''s/^[BCDEGRST] \([^ ]*\) \([^ ]*\)$/  {"\2", (lt_ptr) \&\2},/p'\'''
lt_cv_sys_global_symbol_to_cdecl='sed -n -e '\''s/^. .* \(.*\)$/extern int \1;/p'\'''
lt_cv_sys_max_cmd_len=196608
lt_lt_cv_prog_compiler_c_o='"yes"'
lt_lt_cv_prog_compiler_c_o_CXX='"yes"'
lt_lt_cv_sys_global_symbol_pipe='"sed -n -e '\''s/^.*[ 	]\\([BCDEGRST][BCDEGRST]*\\)[ 	][ 	]*_\\([_A-Za-z][_A-Za-z0-9]*\\)\$/\\1 _\\2 \\2/p'\''"'
lt_lt_cv_sys_global_symbol_to_c_name_address='"sed -n -e '\''s/^: \\([^ ]*\\) \$/  {\\\"\\1\\\", (lt_ptr) 0},/p'\'' -e '\''s/^[BCDEGRST] \\([^ ]*\\) \\([^ ]*\\)\$/  {\"\\2\", (lt_ptr) \\&\\2},/p'\''"'
lt_lt_cv_sys_global_symbol_to_cdecl='"sed -n -e '\''s/^. .* \\(.*\\)\$/extern int \\1;/p'\''"'

## ----------------- ##
## Output variables. ##
## ----------------- ##

ACLOCAL='${SHELL} /Users/hflambo/local/alfresco-svn/root-02-04-2012/gigfork-server/faad2-2.7/missing --run aclocal-1.9'
AMDEPBACKSLASH='\'
AMDEP_FALSE='#'
AMDEP_TRUE=''
AMTAR='${SHELL} /Users/hflambo/local/alfresco-svn/root-02-04-2012/gigfork-server/faad2-2.7/missing --run tar'
AR='ar'
AUTOCONF='${SHELL} /Users/hflambo/local/alfresco-svn/root-02-04-2012/gigfork-server/faad2-2.7/missing --run autoconf'
AUTOHEADER='${SHELL} /Users/hflambo/local/alfresco-svn/root-02-04-2012/gigfork-server/faad2-2.7/missing --run autoheader'
AUTOMAKE='${SHELL} /Users/hflambo/local/alfresco-svn/root-02-04-2012/gigfork-server/faad2-2.7/missing --run automake-1.9'
AWK='awk'
CC='gcc-4.2'
CCDEPMODE='depmode=gcc3'
CFLAGS='-arch x86_64 -O3'
CPP='gcc-4.2 -E'
CPPFLAGS=''
CXX='g++'
CXXCPP='g++ -E'
CXXDEPMODE='depmode=gcc3'
CXXFLAGS='-g -O2'
CYGPATH_W='echo'
DEFS='-DHAVE_CONFIG_H'
DEPDIR='.deps'
ECHO='/bin/echo'
ECHO_C='ECHO_N=''
ECHO_T=''
EGREP='/usr/bin/grep -E'
EXEEXT=''
F77=''
FFLAGS=''
GREP='/usr/bin/grep'
GTK_CONFIG=''
HAVE_MPEG4IP_PLUG_FALSE=''
HAVE_MPEG4IP_PLUG_TRUE='#'
HAVE_XMMS_FALSE=''
HAVE_XMMS_TRUE='#'
INSTALL_DATA='${INSTALL} -m 644'
INSTALL_PROGRAM='${INSTALL}'
INSTALL_SCRIPT='${INSTALL}'
INSTALL_STRIP_PROGRAM='${SHELL} $(install_sh) -c -s'
LDFLAGS='-arch x86_64 -O3'
LIBOBJS=''
LIBS=''
LIBTOOL='$(SHELL) $(top_builddir)/libtool'
LIBTOOL_DEPS='./ltmain.sh'
LN_S='ln -s'
LTLIBOBJS=''
MAKEINFO='${SHELL} /Users/hflambo/local/alfresco-svn/root-02-04-2012/gigfork-server/faad2-2.7/missing --run makeinfo'
MP4FF_LIBS='-lIOKit'
OBJEXT='o'
PACKAGE='faad2'
PACKAGE_BUGREPORT=''
PACKAGE_NAME=''
PACKAGE_STRING=''
PACKAGE_TARNAME=''
PACKAGE_VERSION=''
PATH_SEPARATOR=':'
RANLIB='ranlib'
RPMBUILD='rpm'
SET_MAKE=''
SHELL='/bin/sh'
STRIP='strip'
VERSION='2.7.0'
XMMS_CONFIG=''
ac_ct_CC='gcc-4.2'
ac_ct_CXX='g++'
ac_ct_F77=''
am__fastdepCC_FALSE='#'
am__fastdepCC_TRUE=''
am__fastdepCXX_FALSE='#'
am__fastdepCXX_TRUE=''
am__include='include'
am__leading_dot='.'
am__quote=''
am__tar='${AMTAR} chof - "$$tardir"'
am__untar='${AMTAR} xf -'
bindir='${exec_prefix}/bin'
build='i386-apple-darwin11.3.0'
build_alias=''
build_cpu='i386'
build_os='darwin11.3.0'
build_vendor='apple'
datadir='${datarootdir}'
datarootdir='${prefix}/share'
docdir='${datarootdir}/doc/${PACKAGE}'
dvidir='${docdir}'
exec_prefix='${prefix}'
external_mp4v2='no'
host='i386-apple-darwin11.3.0'
host_alias=''
host_cpu='i386'
host_os='darwin11.3.0'
host_vendor='apple'
htmldir='${docdir}'
includedir='${prefix}/include'
infodir='${datarootdir}/info'
install_sh='/Users/hflambo/local/alfresco-svn/root-02-04-2012/gigfork-server/faad2-2.7/install-sh'
libdir='${exec_prefix}/lib'
libexecdir='${exec_prefix}/libexec'
localedir='${datarootdir}/locale'
localstatedir='${prefix}/var'
mandir='${datarootdir}/man'
mkdir_p='$(install_sh) -d'
oldincludedir='/usr/include'
pdfdir='${docdir}'
prefix='/Users/hflambo/local/alfresco-svn/root-02-04-2012/gigfork-server/FFmpeg-build'
program_transform_name='s,x,x,'
psdir='${docdir}'
sbindir='${exec_prefix}/sbin'
sharedstatedir='${prefix}/com'
sysconfdir='${prefix}/etc'
target_alias=''

## ----------- ##
## confdefs.h. ##
## ----------- ##

#define PACKAGE_NAME ""
#define PACKAGE_TARNAME ""
#define PACKAGE_VERSION ""
#define PACKAGE_STRING ""
#define PACKAGE_BUGREPORT ""
#define PACKAGE "faad2"
#define VERSION "2.7.0"
#define STDC_HEADERS 1
#define HAVE_SYS_TYPES_H 1
#define HAVE_SYS_STAT_H 1
#define HAVE_STDLIB_H 1
#define HAVE_STRING_H 1
#define HAVE_MEMORY_H 1
#define HAVE_STRINGS_H 1
#define HAVE_INTTYPES_H 1
#define HAVE_STDINT_H 1
#define HAVE_UNISTD_H 1
#define HAVE_DLFCN_H 1
#define STDC_HEADERS 1
#define HAVE_STDINT_H 1
#define HAVE_INTTYPES_H 1
#define HAVE_FLOAT_H 1
#define HAVE_STRCHR 1
#define HAVE_MEMCPY 1
#define HAVE_SYS_TIME_H 1
#define TIME_WITH_SYS_TIME 1
#define HAVE_ERRNO_H 1
#define HAVE_SYS_STAT_H 1
#define HAVE_SYS_TYPES_H 1
#define HAVE_LIMITS_H 1
#define HAVE_IOKIT_IOKITLIB_H 1
#define HAVE_IOKIT_IOKITLIB_H 1
#define HAVE_GETPWUID 1
#define HAVE_LRINTF 1
#define HAVE_STRSEP 1

configure: exit 0
